  tinyxml2.cpp
  Timer.cpp
  ReceptorNode.cpp
c:\users\william-taylor\desktop\computer-game-ai\src\gameai\common.h(21): fatal error C1083: Cannot open include file: 'gl/freeglut.h': No such file or directory
  RadialBasisFunction.cpp
c:\users\william-taylor\desktop\computer-game-ai\src\gameai\common.h(21): fatal error C1083: Cannot open include file: 'gl/freeglut.h': No such file or directory
  OutputNode.cpp
c:\users\william-taylor\desktop\computer-game-ai\src\gameai\common.h(21): fatal error C1083: Cannot open include file: 'gl/freeglut.h': No such file or directory
  ResultNode.cpp
  MultiLayeredPercepton.cpp
c:\users\william-taylor\desktop\computer-game-ai\src\gameai\common.h(21): fatal error C1083: Cannot open include file: 'gl/freeglut.h': No such file or directory
  main.cpp
c:\users\william-taylor\desktop\computer-game-ai\src\gameai\common.h(21): fatal error C1083: Cannot open include file: 'gl/freeglut.h': No such file or directory
  InputNode.cpp
c:\users\william-taylor\desktop\computer-game-ai\src\gameai\common.h(21): fatal error C1083: Cannot open include file: 'gl/freeglut.h': No such file or directory
  HiddenNode.cpp
c:\users\william-taylor\desktop\computer-game-ai\src\gameai\common.h(21): fatal error C1083: Cannot open include file: 'gl/freeglut.h': No such file or directory
  Graph.cpp
c:\users\william-taylor\desktop\computer-game-ai\src\gameai\common.h(21): fatal error C1083: Cannot open include file: 'gl/freeglut.h': No such file or directory
  FunctionNode.cpp
c:\users\william-taylor\desktop\computer-game-ai\src\gameai\common.h(21): fatal error C1083: Cannot open include file: 'gl/freeglut.h': No such file or directory
  Display.cpp
c:\users\william-taylor\desktop\computer-game-ai\src\gameai\common.h(21): fatal error C1083: Cannot open include file: 'gl/freeglut.h': No such file or directory
  Generating Code...
